Autoloading python/3.8.12
Autoloading python/3.8.12
Autoloading python/3.8.12
Autoloading py-six/1.15.0
Autoloading python/3.8.12
Autoloading python/3.8.12
Autoloading libjpeg-turbo/2.1.0
Autoloading python/3.8.12
Autoloading zlib/1.2.11
Autoloading python/3.8.12
Autoloading py-six/1.15.0
Autoloading python/3.8.12
Autoloading intel-mkl/2020.4.304
Autoloading py-setuptools/58.2.0
Autoloading python/3.8.12
Autoloading intel-mkl/2020.4.304
Autoloading py-numpy/1.19.5-intel-mkl
Autoloading py-pybind11/2.6.2
Autoloading python/3.8.12
Autoloading freetype/2.11.0
Autoloading libpng/1.6.37
Autoloading py-cycler/0.10.0
Autoloading py-kiwisolver/1.3.2
Autoloading py-numpy/1.19.5-intel-mkl
Autoloading py-pillow/8.0.0
Autoloading py-pyparsing/2.4.7
Autoloading py-python-dateutil/2.8.2
Autoloading py-setuptools/58.2.0
Autoloading python/3.8.12
Autoloading qhull/2020.2
Starting autosegiast with sbatch
21
autosegiast complete
